<?xml version="1.0" encoding="UTF-8" standalone="no"?>
<!DOCTYPE log SYSTEM "logger.dtd">
<log>
<record>
  <date>2018-09-11T17:00:39</date>
  <millis>1536665439479</millis>
  <sequence>0</sequence>
  <level>START</level>
  <class>com.kms.katalon.core.logging.KeywordLogger</class>
  <method>startSuite</method>
  <thread>1</thread>
  <message>Start Test Suite : Test Suites/Shopping</message>
  <nestedLevel>0</nestedLevel>
  <property name="name">Shopping</property>
  <property name="description"></property>
  <property name="id">Test Suites/Shopping</property>
</record>
<record>
  <date>2018-09-11T17:00:39</date>
  <millis>1536665439511</millis>
  <sequence>1</sequence>
  <level>RUN_DATA</level>
  <class>com.kms.katalon.core.logging.KeywordLogger</class>
  <method>logMessage</method>
  <thread>1</thread>
  <message>Logging run data &amp;apos;hostName&amp;apos; with value &amp;apos;John.Wesley - ATC011&amp;apos;</message>
  <nestedLevel>0</nestedLevel>
  <property name="hostName">John.Wesley - ATC011</property>
</record>
<record>
  <date>2018-09-11T17:00:39</date>
  <millis>1536665439514</millis>
  <sequence>2</sequence>
  <level>RUN_DATA</level>
  <class>com.kms.katalon.core.logging.KeywordLogger</class>
  <method>logMessage</method>
  <thread>1</thread>
  <message>Logging run data &amp;apos;os&amp;apos; with value &amp;apos;Windows 8.1 64bit&amp;apos;</message>
  <nestedLevel>0</nestedLevel>
  <property name="os">Windows 8.1 64bit</property>
</record>
<record>
  <date>2018-09-11T17:00:39</date>
  <millis>1536665439515</millis>
  <sequence>3</sequence>
  <level>RUN_DATA</level>
  <class>com.kms.katalon.core.logging.KeywordLogger</class>
  <method>logMessage</method>
  <thread>1</thread>
  <message>Logging run data &amp;apos;hostAddress&amp;apos; with value &amp;apos;192.168.56.1&amp;apos;</message>
  <nestedLevel>0</nestedLevel>
  <property name="hostAddress">192.168.56.1</property>
</record>
<record>
  <date>2018-09-11T17:00:39</date>
  <millis>1536665439516</millis>
  <sequence>4</sequence>
  <level>RUN_DATA</level>
  <class>com.kms.katalon.core.logging.KeywordLogger</class>
  <method>logMessage</method>
  <thread>1</thread>
  <message>Logging run data &amp;apos;katalonVersion&amp;apos; with value &amp;apos;5.7.0.1&amp;apos;</message>
  <nestedLevel>0</nestedLevel>
  <property name="katalonVersion">5.7.0.1</property>
</record>
<record>
  <date>2018-09-11T17:00:39</date>
  <millis>1536665439977</millis>
  <sequence>5</sequence>
  <level>START</level>
  <class>com.kms.katalon.core.logging.KeywordLogger</class>
  <method>startTest</method>
  <thread>1</thread>
  <message>Start Test Case : Test Cases/Login</message>
  <nestedLevel>1</nestedLevel>
  <property name="name">Test Cases/Login</property>
  <property name="description">Log into valid account</property>
  <property name="id">Test Cases/Login</property>
  <property name="source">F:\\Tech Show\\automation\\automationtechshow\\Test Cases\\Login.tc</property>
  <property name="isOptional">false</property>
</record>
<record>
  <date>2018-09-11T17:00:40</date>
  <millis>1536665440007</millis>
  <sequence>6</sequence>
  <level>INFO</level>
  <class>com.kms.katalon.core.logging.KeywordLogger</class>
  <method>logMessage</method>
  <thread>1</thread>
  <message>Evaluating variables for test case</message>
  <nestedLevel>1</nestedLevel>
</record>
<record>
  <date>2018-09-11T17:00:40</date>
  <millis>1536665440324</millis>
  <sequence>7</sequence>
  <level>START</level>
  <class>com.kms.katalon.core.logging.KeywordLogger</class>
  <method>startKeyword</method>
  <thread>1</thread>
  <message>Start action : Statement - return null</message>
  <nestedLevel>1</nestedLevel>
  <property name="startLine">-1</property>
  <property name="stepIndex">1</property>
</record>
<record>
  <date>2018-09-11T17:00:40</date>
  <millis>1536665440326</millis>
  <sequence>8</sequence>
  <level>END</level>
  <class>com.kms.katalon.core.logging.KeywordLogger</class>
  <method>endKeyword</method>
  <thread>1</thread>
  <message>End action : Statement - return null</message>
  <nestedLevel>1</nestedLevel>
</record>
<record>
  <date>2018-09-11T17:00:40</date>
  <millis>1536665440328</millis>
  <sequence>9</sequence>
  <level>PASSED</level>
  <class>com.kms.katalon.core.logging.KeywordLogger</class>
  <method>logMessage</method>
  <thread>1</thread>
  <message>Test Cases/Login</message>
  <nestedLevel>1</nestedLevel>
</record>
<record>
  <date>2018-09-11T17:00:40</date>
  <millis>1536665440329</millis>
  <sequence>10</sequence>
  <level>END</level>
  <class>com.kms.katalon.core.logging.KeywordLogger</class>
  <method>endTest</method>
  <thread>1</thread>
  <message>End Test Case : Test Cases/Login</message>
  <nestedLevel>0</nestedLevel>
</record>
<record>
  <date>2018-09-11T17:00:40</date>
  <millis>1536665440335</millis>
  <sequence>11</sequence>
  <level>START</level>
  <class>com.kms.katalon.core.logging.KeywordLogger</class>
  <method>startTest</method>
  <thread>1</thread>
  <message>Start Test Case : Test Cases/SearchProduct</message>
  <nestedLevel>1</nestedLevel>
  <property name="name">Test Cases/SearchProduct</property>
  <property name="description">Search for a product</property>
  <property name="id">Test Cases/SearchProduct</property>
  <property name="source">F:\\Tech Show\\automation\\automationtechshow\\Test Cases\\SearchProduct.tc</property>
  <property name="isOptional">false</property>
</record>
<record>
  <date>2018-09-11T17:00:40</date>
  <millis>1536665440345</millis>
  <sequence>12</sequence>
  <level>INFO</level>
  <class>com.kms.katalon.core.logging.KeywordLogger</class>
  <method>logMessage</method>
  <thread>1</thread>
  <message>Evaluating variables for test case</message>
  <nestedLevel>1</nestedLevel>
</record>
<record>
  <date>2018-09-11T17:00:40</date>
  <millis>1536665440512</millis>
  <sequence>13</sequence>
  <level>START</level>
  <class>com.kms.katalon.core.logging.KeywordLogger</class>
  <method>startKeyword</method>
  <thread>1</thread>
  <message>Start action : Statement - return null</message>
  <nestedLevel>1</nestedLevel>
  <property name="startLine">-1</property>
  <property name="stepIndex">1</property>
</record>
<record>
  <date>2018-09-11T17:00:40</date>
  <millis>1536665440515</millis>
  <sequence>14</sequence>
  <level>END</level>
  <class>com.kms.katalon.core.logging.KeywordLogger</class>
  <method>endKeyword</method>
  <thread>1</thread>
  <message>End action : Statement - return null</message>
  <nestedLevel>1</nestedLevel>
</record>
<record>
  <date>2018-09-11T17:00:40</date>
  <millis>1536665440518</millis>
  <sequence>15</sequence>
  <level>PASSED</level>
  <class>com.kms.katalon.core.logging.KeywordLogger</class>
  <method>logMessage</method>
  <thread>1</thread>
  <message>Test Cases/SearchProduct</message>
  <nestedLevel>1</nestedLevel>
</record>
<record>
  <date>2018-09-11T17:00:40</date>
  <millis>1536665440519</millis>
  <sequence>16</sequence>
  <level>END</level>
  <class>com.kms.katalon.core.logging.KeywordLogger</class>
  <method>endTest</method>
  <thread>1</thread>
  <message>End Test Case : Test Cases/SearchProduct</message>
  <nestedLevel>0</nestedLevel>
</record>
<record>
  <date>2018-09-11T17:00:40</date>
  <millis>1536665440530</millis>
  <sequence>17</sequence>
  <level>START</level>
  <class>com.kms.katalon.core.logging.KeywordLogger</class>
  <method>startTest</method>
  <thread>1</thread>
  <message>Start Test Case : Test Cases/AddtoCart</message>
  <nestedLevel>1</nestedLevel>
  <property name="name">Test Cases/AddtoCart</property>
  <property name="description">Select a product and add to card</property>
  <property name="id">Test Cases/AddtoCart</property>
  <property name="source">F:\\Tech Show\\automation\\automationtechshow\\Test Cases\\AddtoCart.tc</property>
  <property name="isOptional">false</property>
</record>
<record>
  <date>2018-09-11T17:00:40</date>
  <millis>1536665440538</millis>
  <sequence>18</sequence>
  <level>INFO</level>
  <class>com.kms.katalon.core.logging.KeywordLogger</class>
  <method>logMessage</method>
  <thread>1</thread>
  <message>Evaluating variables for test case</message>
  <nestedLevel>1</nestedLevel>
</record>
<record>
  <date>2018-09-11T17:00:40</date>
  <millis>1536665440732</millis>
  <sequence>19</sequence>
  <level>START</level>
  <class>com.kms.katalon.core.logging.KeywordLogger</class>
  <method>startKeyword</method>
  <thread>1</thread>
  <message>Start action : Statement - return null</message>
  <nestedLevel>1</nestedLevel>
  <property name="startLine">-1</property>
  <property name="stepIndex">1</property>
</record>
<record>
  <date>2018-09-11T17:00:40</date>
  <millis>1536665440733</millis>
  <sequence>20</sequence>
  <level>END</level>
  <class>com.kms.katalon.core.logging.KeywordLogger</class>
  <method>endKeyword</method>
  <thread>1</thread>
  <message>End action : Statement - return null</message>
  <nestedLevel>1</nestedLevel>
</record>
<record>
  <date>2018-09-11T17:00:40</date>
  <millis>1536665440734</millis>
  <sequence>21</sequence>
  <level>PASSED</level>
  <class>com.kms.katalon.core.logging.KeywordLogger</class>
  <method>logMessage</method>
  <thread>1</thread>
  <message>Test Cases/AddtoCart</message>
  <nestedLevel>1</nestedLevel>
</record>
<record>
  <date>2018-09-11T17:00:40</date>
  <millis>1536665440735</millis>
  <sequence>22</sequence>
  <level>END</level>
  <class>com.kms.katalon.core.logging.KeywordLogger</class>
  <method>endTest</method>
  <thread>1</thread>
  <message>End Test Case : Test Cases/AddtoCart</message>
  <nestedLevel>0</nestedLevel>
</record>
<record>
  <date>2018-09-11T17:00:40</date>
  <millis>1536665440740</millis>
  <sequence>23</sequence>
  <level>START</level>
  <class>com.kms.katalon.core.logging.KeywordLogger</class>
  <method>startTest</method>
  <thread>1</thread>
  <message>Start Test Case : Test Cases/Checkout</message>
  <nestedLevel>1</nestedLevel>
  <property name="name">Test Cases/Checkout</property>
  <property name="description">Checkout or purchase the product</property>
  <property name="id">Test Cases/Checkout</property>
  <property name="source">F:\\Tech Show\\automation\\automationtechshow\\Test Cases\\Checkout.tc</property>
  <property name="isOptional">false</property>
</record>
<record>
  <date>2018-09-11T17:00:40</date>
  <millis>1536665440772</millis>
  <sequence>24</sequence>
  <level>INFO</level>
  <class>com.kms.katalon.core.logging.KeywordLogger</class>
  <method>logMessage</method>
  <thread>1</thread>
  <message>Evaluating variables for test case</message>
  <nestedLevel>1</nestedLevel>
</record>
<record>
  <date>2018-09-11T17:00:40</date>
  <millis>1536665440976</millis>
  <sequence>25</sequence>
  <level>START</level>
  <class>com.kms.katalon.core.logging.KeywordLogger</class>
  <method>startKeyword</method>
  <thread>1</thread>
  <message>Start action : Statement - return null</message>
  <nestedLevel>1</nestedLevel>
  <property name="startLine">-1</property>
  <property name="stepIndex">1</property>
</record>
<record>
  <date>2018-09-11T17:00:40</date>
  <millis>1536665440978</millis>
  <sequence>26</sequence>
  <level>END</level>
  <class>com.kms.katalon.core.logging.KeywordLogger</class>
  <method>endKeyword</method>
  <thread>1</thread>
  <message>End action : Statement - return null</message>
  <nestedLevel>1</nestedLevel>
</record>
<record>
  <date>2018-09-11T17:00:40</date>
  <millis>1536665440979</millis>
  <sequence>27</sequence>
  <level>PASSED</level>
  <class>com.kms.katalon.core.logging.KeywordLogger</class>
  <method>logMessage</method>
  <thread>1</thread>
  <message>Test Cases/Checkout</message>
  <nestedLevel>1</nestedLevel>
</record>
<record>
  <date>2018-09-11T17:00:40</date>
  <millis>1536665440979</millis>
  <sequence>28</sequence>
  <level>END</level>
  <class>com.kms.katalon.core.logging.KeywordLogger</class>
  <method>endTest</method>
  <thread>1</thread>
  <message>End Test Case : Test Cases/Checkout</message>
  <nestedLevel>0</nestedLevel>
</record>
<record>
  <date>2018-09-11T17:00:41</date>
  <millis>1536665441128</millis>
  <sequence>29</sequence>
  <level>END</level>
  <class>com.kms.katalon.core.logging.KeywordLogger</class>
  <method>endSuite</method>
  <thread>1</thread>
  <message>End Test Suite : Test Suites/Shopping</message>
  <nestedLevel>0</nestedLevel>
</record>
</log>
